{"C:\\Users\\yoshi\\Desktop\\Skylab\\Proyecto final\\Back\\database\\models\\place.js": {"path":"C:\\Users\\yoshi\\Desktop\\Skylab\\Proyecto final\\Back\\database\\models\\place.js","statementMap":{"0":{"start":{"line":1,"column":26},"end":{"line":1,"column":45}},"1":{"start":{"line":3,"column":20},"end":{"line":32,"column":2}},"2":{"start":{"line":34,"column":14},"end":{"line":34,"column":51}},"3":{"start":{"line":36,"column":0},"end":{"line":36,"column":23}}},"fnMap":{},"branchMap":{},"s":{"0":1,"1":1,"2":1,"3":1},"f":{},"b":{},"_coverageSchema":"1a1c01bbd47fc00a2c39e90264f33305004495a9","hash":"e87a51fcb0fde1a16bc3aa3a3ed94ff757849ee2"}
,"C:\\Users\\yoshi\\Desktop\\Skylab\\Proyecto final\\Back\\server\\controllers\\placesControllers.js": {"path":"C:\\Users\\yoshi\\Desktop\\Skylab\\Proyecto final\\Back\\server\\controllers\\placesControllers.js","statementMap":{"0":{"start":{"line":1,"column":14},"end":{"line":1,"column":52}},"1":{"start":{"line":3,"column":21},"end":{"line":12,"column":1}},"2":{"start":{"line":4,"column":2},"end":{"line":11,"column":3}},"3":{"start":{"line":5,"column":19},"end":{"line":5,"column":37}},"4":{"start":{"line":6,"column":4},"end":{"line":6,"column":21}},"5":{"start":{"line":8,"column":4},"end":{"line":8,"column":21}},"6":{"start":{"line":9,"column":4},"end":{"line":9,"column":46}},"7":{"start":{"line":10,"column":4},"end":{"line":10,"column":16}},"8":{"start":{"line":14,"column":27},"end":{"line":29,"column":1}},"9":{"start":{"line":15,"column":22},"end":{"line":15,"column":32}},"10":{"start":{"line":16,"column":2},"end":{"line":28,"column":3}},"11":{"start":{"line":17,"column":28},"end":{"line":17,"column":56}},"12":{"start":{"line":18,"column":4},"end":{"line":24,"column":5}},"13":{"start":{"line":19,"column":6},"end":{"line":19,"column":32}},"14":{"start":{"line":21,"column":20},"end":{"line":21,"column":50}},"15":{"start":{"line":22,"column":6},"end":{"line":22,"column":23}},"16":{"start":{"line":23,"column":6},"end":{"line":23,"column":18}},"17":{"start":{"line":26,"column":4},"end":{"line":26,"column":21}},"18":{"start":{"line":27,"column":4},"end":{"line":27,"column":16}},"19":{"start":{"line":31,"column":21},"end":{"line":46,"column":1}},"20":{"start":{"line":32,"column":22},"end":{"line":32,"column":32}},"21":{"start":{"line":33,"column":2},"end":{"line":45,"column":3}},"22":{"start":{"line":34,"column":26},"end":{"line":34,"column":55}},"23":{"start":{"line":35,"column":4},"end":{"line":41,"column":5}},"24":{"start":{"line":36,"column":6},"end":{"line":36,"column":30}},"25":{"start":{"line":38,"column":20},"end":{"line":38,"column":49}},"26":{"start":{"line":39,"column":6},"end":{"line":39,"column":23}},"27":{"start":{"line":40,"column":6},"end":{"line":40,"column":18}},"28":{"start":{"line":43,"column":4},"end":{"line":43,"column":21}},"29":{"start":{"line":44,"column":4},"end":{"line":44,"column":16}},"30":{"start":{"line":48,"column":20},"end":{"line":57,"column":1}},"31":{"start":{"line":49,"column":2},"end":{"line":56,"column":3}},"32":{"start":{"line":50,"column":25},"end":{"line":50,"column":53}},"33":{"start":{"line":51,"column":4},"end":{"line":51,"column":27}},"34":{"start":{"line":53,"column":4},"end":{"line":53,"column":21}},"35":{"start":{"line":54,"column":4},"end":{"line":54,"column":47}},"36":{"start":{"line":55,"column":4},"end":{"line":55,"column":16}},"37":{"start":{"line":59,"column":24},"end":{"line":71,"column":1}},"38":{"start":{"line":60,"column":17},"end":{"line":60,"column":27}},"39":{"start":{"line":61,"column":2},"end":{"line":70,"column":3}},"40":{"start":{"line":62,"column":25},"end":{"line":64,"column":6}},"41":{"start":{"line":65,"column":4},"end":{"line":65,"column":27}},"42":{"start":{"line":67,"column":4},"end":{"line":67,"column":21}},"43":{"start":{"line":68,"column":4},"end":{"line":68,"column":47}},"44":{"start":{"line":69,"column":4},"end":{"line":69,"column":16}},"45":{"start":{"line":73,"column":24},"end":{"line":89,"column":1}},"46":{"start":{"line":74,"column":17},"end":{"line":74,"column":27}},"47":{"start":{"line":75,"column":2},"end":{"line":88,"column":3}},"48":{"start":{"line":76,"column":25},"end":{"line":76,"column":58}},"49":{"start":{"line":77,"column":4},"end":{"line":83,"column":5}},"50":{"start":{"line":78,"column":6},"end":{"line":78,"column":29}},"51":{"start":{"line":80,"column":20},"end":{"line":80,"column":59}},"52":{"start":{"line":81,"column":6},"end":{"line":81,"column":23}},"53":{"start":{"line":82,"column":6},"end":{"line":82,"column":18}},"54":{"start":{"line":85,"column":4},"end":{"line":85,"column":43}},"55":{"start":{"line":86,"column":4},"end":{"line":86,"column":21}},"56":{"start":{"line":87,"column":4},"end":{"line":87,"column":16}},"57":{"start":{"line":91,"column":0},"end":{"line":98,"column":2}}},"fnMap":{"0":{"name":"(anonymous_0)","decl":{"start":{"line":3,"column":21},"end":{"line":3,"column":22}},"loc":{"start":{"line":3,"column":47},"end":{"line":12,"column":1}},"line":3},"1":{"name":"(anonymous_1)","decl":{"start":{"line":14,"column":27},"end":{"line":14,"column":28}},"loc":{"start":{"line":14,"column":53},"end":{"line":29,"column":1}},"line":14},"2":{"name":"(anonymous_2)","decl":{"start":{"line":31,"column":21},"end":{"line":31,"column":22}},"loc":{"start":{"line":31,"column":47},"end":{"line":46,"column":1}},"line":31},"3":{"name":"(anonymous_3)","decl":{"start":{"line":48,"column":20},"end":{"line":48,"column":21}},"loc":{"start":{"line":48,"column":46},"end":{"line":57,"column":1}},"line":48},"4":{"name":"(anonymous_4)","decl":{"start":{"line":59,"column":24},"end":{"line":59,"column":25}},"loc":{"start":{"line":59,"column":50},"end":{"line":71,"column":1}},"line":59},"5":{"name":"(anonymous_5)","decl":{"start":{"line":73,"column":24},"end":{"line":73,"column":25}},"loc":{"start":{"line":73,"column":50},"end":{"line":89,"column":1}},"line":73}},"branchMap":{"0":{"loc":{"start":{"line":18,"column":4},"end":{"line":24,"column":5}},"type":"if","locations":[{"start":{"line":18,"column":4},"end":{"line":24,"column":5}},{"start":{"line":20,"column":11},"end":{"line":24,"column":5}}],"line":18},"1":{"loc":{"start":{"line":35,"column":4},"end":{"line":41,"column":5}},"type":"if","locations":[{"start":{"line":35,"column":4},"end":{"line":41,"column":5}},{"start":{"line":37,"column":11},"end":{"line":41,"column":5}}],"line":35},"2":{"loc":{"start":{"line":77,"column":4},"end":{"line":83,"column":5}},"type":"if","locations":[{"start":{"line":77,"column":4},"end":{"line":83,"column":5}},{"start":{"line":79,"column":11},"end":{"line":83,"column":5}}],"line":77}},"s":{"0":1,"1":1,"2":3,"3":3,"4":2,"5":1,"6":1,"7":1,"8":1,"9":0,"10":0,"11":0,"12":0,"13":0,"14":0,"15":0,"16":0,"17":0,"18":0,"19":1,"20":0,"21":0,"22":0,"23":0,"24":0,"25":0,"26":0,"27":0,"28":0,"29":0,"30":1,"31":0,"32":0,"33":0,"34":0,"35":0,"36":0,"37":1,"38":0,"39":0,"40":0,"41":0,"42":0,"43":0,"44":0,"45":1,"46":0,"47":0,"48":0,"49":0,"50":0,"51":0,"52":0,"53":0,"54":0,"55":0,"56":0,"57":1},"f":{"0":3,"1":0,"2":0,"3":0,"4":0,"5":0},"b":{"0":[0,0],"1":[0,0],"2":[0,0]},"_coverageSchema":"1a1c01bbd47fc00a2c39e90264f33305004495a9","hash":"803c1b0880cb00c5b26910d23780370269c5051a"}
,"C:\\Users\\yoshi\\Desktop\\Skylab\\Proyecto final\\Back\\server\\middlewares\\errors.js": {"path":"C:\\Users\\yoshi\\Desktop\\Skylab\\Proyecto final\\Back\\server\\middlewares\\errors.js","statementMap":{"0":{"start":{"line":1,"column":14},"end":{"line":1,"column":47}},"1":{"start":{"line":2,"column":28},"end":{"line":2,"column":57}},"2":{"start":{"line":4,"column":29},"end":{"line":6,"column":1}},"3":{"start":{"line":5,"column":2},"end":{"line":5,"column":56}},"4":{"start":{"line":8,"column":28},"end":{"line":16,"column":1}},"5":{"start":{"line":9,"column":2},"end":{"line":13,"column":3}},"6":{"start":{"line":10,"column":4},"end":{"line":10,"column":51}},"7":{"start":{"line":11,"column":4},"end":{"line":11,"column":21}},"8":{"start":{"line":12,"column":4},"end":{"line":12,"column":34}},"9":{"start":{"line":14,"column":18},"end":{"line":14,"column":60}},"10":{"start":{"line":15,"column":2},"end":{"line":15,"column":57}},"11":{"start":{"line":18,"column":0},"end":{"line":21,"column":2}}},"fnMap":{"0":{"name":"(anonymous_0)","decl":{"start":{"line":4,"column":29},"end":{"line":4,"column":30}},"loc":{"start":{"line":4,"column":43},"end":{"line":6,"column":1}},"line":4},"1":{"name":"(anonymous_1)","decl":{"start":{"line":8,"column":28},"end":{"line":8,"column":29}},"loc":{"start":{"line":8,"column":49},"end":{"line":16,"column":1}},"line":8}},"branchMap":{"0":{"loc":{"start":{"line":9,"column":2},"end":{"line":13,"column":3}},"type":"if","locations":[{"start":{"line":9,"column":2},"end":{"line":13,"column":3}},{"start":{},"end":{}}],"line":9},"1":{"loc":{"start":{"line":14,"column":18},"end":{"line":14,"column":60}},"type":"cond-expr","locations":[{"start":{"line":14,"column":31},"end":{"line":14,"column":44}},{"start":{"line":14,"column":47},"end":{"line":14,"column":60}}],"line":14},"2":{"loc":{"start":{"line":15,"column":13},"end":{"line":15,"column":30}},"type":"binary-expr","locations":[{"start":{"line":15,"column":13},"end":{"line":15,"column":23}},{"start":{"line":15,"column":27},"end":{"line":15,"column":30}}],"line":15}},"s":{"0":1,"1":1,"2":1,"3":2,"4":1,"5":2,"6":1,"7":1,"8":1,"9":2,"10":2,"11":1},"f":{"0":2,"1":2},"b":{"0":[1,1],"1":[1,1],"2":[2,1]},"_coverageSchema":"1a1c01bbd47fc00a2c39e90264f33305004495a9","hash":"4d1e989bf434065ad1bd6033eeb4b14ba00c9b86"}
}
